빌드 시작: 2016-02-14 오후 11:52:18
     1>2 노드의 "C:\Users\HSH\Documents\GitHub\project\In_the_Gorest\Client\Include\Client.vcxproj" 프로젝트(Build 대상)입니다.
     1>FxCompile:
         C:\Program Files (x86)\Windows Kits\8.1\bin\x86\fxc.exe /nologo /E"main" /T fx_4_0 /Fo "../bin/VertexColor.cso" /Od /Zi ..\bin\Data\Fx\VertexColor.fx 
     1>FXC : warning X4717: Effects deprecated for D3DCompiler_47
         
         compilation object save succeeded; see C:\Users\HSH\Documents\GitHub\project\In_the_Gorest\Client\bin\VertexColor.cso
         C:\Program Files (x86)\Windows Kits\8.1\bin\x86\fxc.exe /nologo /E"main" /T fx_4_0 /Fo "../bin/VertexTexture.cso" /Od /Zi ..\bin\Data\Fx\VertexTexture.fx 
     1>FXC : warning X4717: Effects deprecated for D3DCompiler_47
         
         compilation object save succeeded; see C:\Users\HSH\Documents\GitHub\project\In_the_Gorest\Client\bin\VertexTexture.cso
       ClCompile:
         D:\Program Files (x86)\Microsoft Visual Studio 12.0\VC\bin\CL.exe /c /I../Code /I../Headers /I../../Reference/Headers /I"C:\Program Files\Autodesk\FBX\FBX SDK\2015.1\include" /ZI /nologo /W3 /WX- /Od /Oy- /D WIN32 /D _DEBUG /D _WINDOWS /D _UNICODE /D UNICODE /Gm /EHsc /RTC1 /MDd /GS /fp:precise /Zc:wchar_t /Zc:forScope /Yc"stdafx.h" /Fp"Debug\Client.pch" /Fo"Debug\\" /Fd"Debug\vc120.pdb" /Gd /TP /analyze- /errorReport:prompt ..\Code\BoxCol.cpp ..\Code\Buffer.cpp ..\Code\Camera.cpp ..\Code\Collision.cpp ..\Code\ColorShader.cpp ..\Code\Component.cpp ..\Code\CubeBuffer.cpp ..\Code\Device.cpp ..\Code\DynamicCamera.cpp ..\Code\FbxBuffer.cpp ..\Code\InfoSubject.cpp ..\Code\InMap.cpp ..\Code\KeyMgr.cpp ..\Code\Layer.cpp ..\Code\Loading.cpp ..\Code\Lobby.cpp ..\Code\MainGame.cpp ..\Code\Obj.cpp ..\Code\ObjMgr.cpp ..\Code\Observer.cpp ..\Code\PhysicsInfo.cpp ..\Code\Player.cpp ..\Code\PlayingInfo.cpp ..\Code\RecosterInfo.cpp ..\Code\Renderer.cpp ..\Code\Resource.cpp ..\Code\ResourceMgr.cpp ..\Code\Rider.cpp ..\Code\Room.cpp ..\Code\RoomInfo.cpp ..\Code\Scene.cpp ..\Code\SceneMgr.cpp ..\Code\Shader.cpp ..\Code\Subject.cpp ..\Code\Timer.cpp ..\Code\Title.cpp ..\Code\Unit.cpp ..\Code\UserInfo.cpp Client.cpp stdafx.cpp
         stdafx.cpp
     1>c:\users\hsh\documents\github\project\in_the_gorest\client\include\stdafx.h(39): fatal error C1083: 포함 파일을 열 수 없습니다. 'D3DX11.h': No such file or directory
         Client.cpp
     1>c:\users\hsh\documents\github\project\in_the_gorest\client\include\stdafx.h(39): fatal error C1083: 포함 파일을 열 수 없습니다. 'D3DX11.h': No such file or directory
         UserInfo.cpp
     1>c:\users\hsh\documents\github\project\in_the_gorest\client\include\stdafx.h(39): fatal error C1083: 포함 파일을 열 수 없습니다. 'D3DX11.h': No such file or directory
         Unit.cpp
     1>c:\users\hsh\documents\github\project\in_the_gorest\client\include\stdafx.h(39): fatal error C1083: 포함 파일을 열 수 없습니다. 'D3DX11.h': No such file or directory
         Title.cpp
     1>c:\users\hsh\documents\github\project\in_the_gorest\client\include\stdafx.h(39): fatal error C1083: 포함 파일을 열 수 없습니다. 'D3DX11.h': No such file or directory
         Timer.cpp
     1>c:\users\hsh\documents\github\project\in_the_gorest\client\include\stdafx.h(39): fatal error C1083: 포함 파일을 열 수 없습니다. 'D3DX11.h': No such file or directory
         Subject.cpp
     1>c:\users\hsh\documents\github\project\in_the_gorest\client\include\stdafx.h(39): fatal error C1083: 포함 파일을 열 수 없습니다. 'D3DX11.h': No such file or directory
         Shader.cpp
     1>c:\users\hsh\documents\github\project\in_the_gorest\client\include\stdafx.h(39): fatal error C1083: 포함 파일을 열 수 없습니다. 'D3DX11.h': No such file or directory
         SceneMgr.cpp
     1>c:\users\hsh\documents\github\project\in_the_gorest\client\include\stdafx.h(39): fatal error C1083: 포함 파일을 열 수 없습니다. 'D3DX11.h': No such file or directory
         Scene.cpp
     1>c:\users\hsh\documents\github\project\in_the_gorest\client\include\stdafx.h(39): fatal error C1083: 포함 파일을 열 수 없습니다. 'D3DX11.h': No such file or directory
         RoomInfo.cpp
     1>c:\users\hsh\documents\github\project\in_the_gorest\client\include\stdafx.h(39): fatal error C1083: 포함 파일을 열 수 없습니다. 'D3DX11.h': No such file or directory
         Room.cpp
     1>c:\users\hsh\documents\github\project\in_the_gorest\client\include\stdafx.h(39): fatal error C1083: 포함 파일을 열 수 없습니다. 'D3DX11.h': No such file or directory
         Rider.cpp
     1>c:\users\hsh\documents\github\project\in_the_gorest\client\include\stdafx.h(39): fatal error C1083: 포함 파일을 열 수 없습니다. 'D3DX11.h': No such file or directory
         ResourceMgr.cpp
     1>c:\users\hsh\documents\github\project\in_the_gorest\client\include\stdafx.h(39): fatal error C1083: 포함 파일을 열 수 없습니다. 'D3DX11.h': No such file or directory
         Resource.cpp
     1>c:\users\hsh\documents\github\project\in_the_gorest\client\include\stdafx.h(39): fatal error C1083: 포함 파일을 열 수 없습니다. 'D3DX11.h': No such file or directory
         Renderer.cpp
     1>c:\users\hsh\documents\github\project\in_the_gorest\client\include\stdafx.h(39): fatal error C1083: 포함 파일을 열 수 없습니다. 'D3DX11.h': No such file or directory
         RecosterInfo.cpp
     1>c:\users\hsh\documents\github\project\in_the_gorest\client\include\stdafx.h(39): fatal error C1083: 포함 파일을 열 수 없습니다. 'D3DX11.h': No such file or directory
         PlayingInfo.cpp
     1>c:\users\hsh\documents\github\project\in_the_gorest\client\include\stdafx.h(39): fatal error C1083: 포함 파일을 열 수 없습니다. 'D3DX11.h': No such file or directory
         Player.cpp
     1>c:\users\hsh\documents\github\project\in_the_gorest\client\include\stdafx.h(39): fatal error C1083: 포함 파일을 열 수 없습니다. 'D3DX11.h': No such file or directory
         PhysicsInfo.cpp
     1>c:\users\hsh\documents\github\project\in_the_gorest\client\include\stdafx.h(39): fatal error C1083: 포함 파일을 열 수 없습니다. 'D3DX11.h': No such file or directory
         Observer.cpp
     1>c:\users\hsh\documents\github\project\in_the_gorest\client\include\stdafx.h(39): fatal error C1083: 포함 파일을 열 수 없습니다. 'D3DX11.h': No such file or directory
         ObjMgr.cpp
     1>c:\users\hsh\documents\github\project\in_the_gorest\client\include\stdafx.h(39): fatal error C1083: 포함 파일을 열 수 없습니다. 'D3DX11.h': No such file or directory
         Obj.cpp
     1>c:\users\hsh\documents\github\project\in_the_gorest\client\include\stdafx.h(39): fatal error C1083: 포함 파일을 열 수 없습니다. 'D3DX11.h': No such file or directory
         MainGame.cpp
     1>c:\users\hsh\documents\github\project\in_the_gorest\client\include\stdafx.h(39): fatal error C1083: 포함 파일을 열 수 없습니다. 'D3DX11.h': No such file or directory
         Lobby.cpp
     1>c:\users\hsh\documents\github\project\in_the_gorest\client\include\stdafx.h(39): fatal error C1083: 포함 파일을 열 수 없습니다. 'D3DX11.h': No such file or directory
         Loading.cpp
     1>c:\users\hsh\documents\github\project\in_the_gorest\client\include\stdafx.h(39): fatal error C1083: 포함 파일을 열 수 없습니다. 'D3DX11.h': No such file or directory
         Layer.cpp
     1>c:\users\hsh\documents\github\project\in_the_gorest\client\include\stdafx.h(39): fatal error C1083: 포함 파일을 열 수 없습니다. 'D3DX11.h': No such file or directory
         KeyMgr.cpp
     1>c:\users\hsh\documents\github\project\in_the_gorest\client\include\stdafx.h(39): fatal error C1083: 포함 파일을 열 수 없습니다. 'D3DX11.h': No such file or directory
         InMap.cpp
     1>c:\users\hsh\documents\github\project\in_the_gorest\client\include\stdafx.h(39): fatal error C1083: 포함 파일을 열 수 없습니다. 'D3DX11.h': No such file or directory
         InfoSubject.cpp
     1>c:\users\hsh\documents\github\project\in_the_gorest\client\include\stdafx.h(39): fatal error C1083: 포함 파일을 열 수 없습니다. 'D3DX11.h': No such file or directory
         FbxBuffer.cpp
     1>c:\users\hsh\documents\github\project\in_the_gorest\client\include\stdafx.h(39): fatal error C1083: 포함 파일을 열 수 없습니다. 'D3DX11.h': No such file or directory
         DynamicCamera.cpp
     1>c:\users\hsh\documents\github\project\in_the_gorest\client\include\stdafx.h(39): fatal error C1083: 포함 파일을 열 수 없습니다. 'D3DX11.h': No such file or directory
         Device.cpp
     1>c:\users\hsh\documents\github\project\in_the_gorest\client\include\stdafx.h(39): fatal error C1083: 포함 파일을 열 수 없습니다. 'D3DX11.h': No such file or directory
         CubeBuffer.cpp
     1>c:\users\hsh\documents\github\project\in_the_gorest\client\include\stdafx.h(39): fatal error C1083: 포함 파일을 열 수 없습니다. 'D3DX11.h': No such file or directory
         Component.cpp
     1>c:\users\hsh\documents\github\project\in_the_gorest\client\include\stdafx.h(39): fatal error C1083: 포함 파일을 열 수 없습니다. 'D3DX11.h': No such file or directory
         ColorShader.cpp
     1>c:\users\hsh\documents\github\project\in_the_gorest\client\include\stdafx.h(39): fatal error C1083: 포함 파일을 열 수 없습니다. 'D3DX11.h': No such file or directory
         Collision.cpp
     1>c:\users\hsh\documents\github\project\in_the_gorest\client\include\stdafx.h(39): fatal error C1083: 포함 파일을 열 수 없습니다. 'D3DX11.h': No such file or directory
         Camera.cpp
     1>c:\users\hsh\documents\github\project\in_the_gorest\client\include\stdafx.h(39): fatal error C1083: 포함 파일을 열 수 없습니다. 'D3DX11.h': No such file or directory
         Buffer.cpp
     1>c:\users\hsh\documents\github\project\in_the_gorest\client\include\stdafx.h(39): fatal error C1083: 포함 파일을 열 수 없습니다. 'D3DX11.h': No such file or directory
         BoxCol.cpp
     1>c:\users\hsh\documents\github\project\in_the_gorest\client\include\stdafx.h(39): fatal error C1083: 포함 파일을 열 수 없습니다. 'D3DX11.h': No such file or directory
     1>"C:\Users\HSH\Documents\GitHub\project\In_the_Gorest\Client\Include\Client.vcxproj" 프로젝트를 빌드했습니다(Build 대상). - 실패

빌드하지 못했습니다.

경과 시간: 00:00:13.75
