c:\users\김몰랑\desktop\졸업작품\project\in_the_gorest\client\include\debug\client.pch
c:\users\김몰랑\desktop\졸업작품\project\in_the_gorest\client\include\debug\vc120.pdb
c:\users\김몰랑\desktop\졸업작품\project\in_the_gorest\client\include\debug\vc120.idb
c:\users\김몰랑\desktop\졸업작품\project\in_the_gorest\client\include\debug\stdafx.obj
c:\users\김몰랑\desktop\졸업작품\project\in_the_gorest\client\include\debug\client.obj
c:\users\김몰랑\desktop\졸업작품\project\in_the_gorest\client\include\debug\userinfo.obj
c:\users\김몰랑\desktop\졸업작품\project\in_the_gorest\client\include\debug\unit.obj
c:\users\김몰랑\desktop\졸업작품\project\in_the_gorest\client\include\debug\title.obj
c:\users\김몰랑\desktop\졸업작품\project\in_the_gorest\client\include\debug\timer.obj
c:\users\김몰랑\desktop\졸업작품\project\in_the_gorest\client\include\debug\subject.obj
c:\users\김몰랑\desktop\졸업작품\project\in_the_gorest\client\include\debug\staticfbx.obj
c:\users\김몰랑\desktop\졸업작품\project\in_the_gorest\client\include\debug\shader.obj
c:\users\김몰랑\desktop\졸업작품\project\in_the_gorest\client\include\debug\scenemgr.obj
c:\users\김몰랑\desktop\졸업작품\project\in_the_gorest\client\include\debug\scene.obj
c:\users\김몰랑\desktop\졸업작품\project\in_the_gorest\client\include\debug\roominfo.obj
c:\users\김몰랑\desktop\졸업작품\project\in_the_gorest\client\include\debug\room.obj
c:\users\김몰랑\desktop\졸업작품\project\in_the_gorest\client\include\debug\rider.obj
c:\users\김몰랑\desktop\졸업작품\project\in_the_gorest\client\include\debug\resourcemgr.obj
c:\users\김몰랑\desktop\졸업작품\project\in_the_gorest\client\include\debug\resource.obj
c:\users\김몰랑\desktop\졸업작품\project\in_the_gorest\client\include\debug\renderer.obj
c:\users\김몰랑\desktop\졸업작품\project\in_the_gorest\client\include\debug\recosterinfo.obj
c:\users\김몰랑\desktop\졸업작품\project\in_the_gorest\client\include\debug\playinginfo.obj
c:\users\김몰랑\desktop\졸업작품\project\in_the_gorest\client\include\debug\player.obj
c:\users\김몰랑\desktop\졸업작품\project\in_the_gorest\client\include\debug\physicsinfo.obj
c:\users\김몰랑\desktop\졸업작품\project\in_the_gorest\client\include\debug\observer.obj
c:\users\김몰랑\desktop\졸업작품\project\in_the_gorest\client\include\debug\objmgr.obj
c:\users\김몰랑\desktop\졸업작품\project\in_the_gorest\client\include\debug\obj.obj
c:\users\김몰랑\desktop\졸업작품\project\in_the_gorest\client\include\debug\maingame.obj
c:\users\김몰랑\desktop\졸업작품\project\in_the_gorest\client\include\debug\lobby.obj
c:\users\김몰랑\desktop\졸업작품\project\in_the_gorest\client\include\debug\loading.obj
c:\users\김몰랑\desktop\졸업작품\project\in_the_gorest\client\include\debug\layer.obj
c:\users\김몰랑\desktop\졸업작품\project\in_the_gorest\client\include\debug\keymgr.obj
c:\users\김몰랑\desktop\졸업작품\project\in_the_gorest\client\include\debug\infosubject.obj
c:\users\김몰랑\desktop\졸업작품\project\in_the_gorest\client\include\debug\inmap.obj
c:\users\김몰랑\desktop\졸업작품\project\in_the_gorest\client\include\debug\fbxbuffer.obj
c:\users\김몰랑\desktop\졸업작품\project\in_the_gorest\client\include\debug\dynamiccamera.obj
c:\users\김몰랑\desktop\졸업작품\project\in_the_gorest\client\include\debug\device.obj
c:\users\김몰랑\desktop\졸업작품\project\in_the_gorest\client\include\debug\cubebuffer.obj
c:\users\김몰랑\desktop\졸업작품\project\in_the_gorest\client\include\debug\component.obj
c:\users\김몰랑\desktop\졸업작품\project\in_the_gorest\client\include\debug\colorshader.obj
c:\users\김몰랑\desktop\졸업작품\project\in_the_gorest\client\include\debug\collision.obj
c:\users\김몰랑\desktop\졸업작품\project\in_the_gorest\client\include\debug\camera.obj
c:\users\김몰랑\desktop\졸업작품\project\in_the_gorest\client\include\debug\buffer.obj
c:\users\김몰랑\desktop\졸업작품\project\in_the_gorest\client\include\debug\boxcol.obj
c:\users\김몰랑\desktop\졸업작품\project\in_the_gorest\client\bin\vertexcolor.cso
c:\users\김몰랑\desktop\졸업작품\project\in_the_gorest\client\bin\vertextexture.cso
c:\users\김몰랑\desktop\졸업작품\project\in_the_gorest\client\bin\client.ilk
c:\users\김몰랑\desktop\졸업작품\project\in_the_gorest\client\bin\client.exe
c:\users\김몰랑\desktop\졸업작품\project\in_the_gorest\client\bin\client.pdb
c:\users\김몰랑\desktop\졸업작품\project\in_the_gorest\client\include\debug\client.res
c:\users\김몰랑\desktop\졸업작품\project\in_the_gorest\client\include\../bin/client.exe
c:\users\김몰랑\desktop\졸업작품\project\in_the_gorest\client\include\debug\client.tlog\cl.command.1.tlog
c:\users\김몰랑\desktop\졸업작품\project\in_the_gorest\client\include\debug\client.tlog\cl.read.1.tlog
c:\users\김몰랑\desktop\졸업작품\project\in_the_gorest\client\include\debug\client.tlog\cl.write.1.tlog
c:\users\김몰랑\desktop\졸업작품\project\in_the_gorest\client\include\debug\client.tlog\client.write.1u.tlog
c:\users\김몰랑\desktop\졸업작품\project\in_the_gorest\client\include\debug\client.tlog\fxc.command.1.tlog
c:\users\김몰랑\desktop\졸업작품\project\in_the_gorest\client\include\debug\client.tlog\fxc.read.1.tlog
c:\users\김몰랑\desktop\졸업작품\project\in_the_gorest\client\include\debug\client.tlog\fxc.write.1.tlog
c:\users\김몰랑\desktop\졸업작품\project\in_the_gorest\client\include\debug\client.tlog\link.command.1.tlog
c:\users\김몰랑\desktop\졸업작품\project\in_the_gorest\client\include\debug\client.tlog\link.read.1.tlog
c:\users\김몰랑\desktop\졸업작품\project\in_the_gorest\client\include\debug\client.tlog\link.write.1.tlog
c:\users\김몰랑\desktop\졸업작품\project\in_the_gorest\client\include\debug\client.tlog\rc.command.1.tlog
c:\users\김몰랑\desktop\졸업작품\project\in_the_gorest\client\include\debug\client.tlog\rc.read.1.tlog
c:\users\김몰랑\desktop\졸업작품\project\in_the_gorest\client\include\debug\client.tlog\rc.write.1.tlog
