빌드 시작: 2016-01-24 오후 2:07:57
     1>2 노드의 "C:\Users\김몰랑\Desktop\졸업작품\project\In_the_Gorest\Client\Include\Client.vcxproj" 프로젝트(Build 대상)입니다.
     1>ClCompile:
         C:\Program Files (x86)\Microsoft Visual Studio 12.0\VC\bin\CL.exe /c /I../Code /I../Headers /I../../Reference/Headers /Zi /nologo /W3 /WX- /O2 /Oi /Oy- /GL /D WIN32 /D NDEBUG /D _WINDOWS /D _UNICODE /D UNICODE /Gm- /EHsc /MD /GS /Gy /fp:precise /Zc:wchar_t /Zc:forScope /Yc"stdafx.h" /Fp"Release\Client.pch" /Fo"Release\\" /Fd"Release\vc120.pdb" /Gd /TP /analyze- /errorReport:prompt stdafx.cpp
         stdafx.cpp
         C:\Program Files (x86)\Microsoft Visual Studio 12.0\VC\bin\CL.exe /c /I../Code /I../Headers /I../../Reference/Headers /Zi /nologo /W3 /WX- /O2 /Oi /Oy- /GL /D WIN32 /D NDEBUG /D _WINDOWS /D _UNICODE /D UNICODE /Gm- /EHsc /MD /GS /Gy /fp:precise /Zc:wchar_t /Zc:forScope /Yu"stdafx.h" /Fp"Release\Client.pch" /Fo"Release\\" /Fd"Release\vc120.pdb" /Gd /TP /analyze- /errorReport:prompt ..\Code\BoxCol.cpp ..\Code\Buffer.cpp ..\Code\Collision.cpp ..\Code\Component.cpp ..\Code\CubeColor.cpp ..\Code\Device.cpp ..\Code\InMap.cpp ..\Code\InfoSubject.cpp ..\Code\Layer.cpp ..\Code\Loading.cpp ..\Code\Lobby.cpp ..\Code\MainGame.cpp ..\Code\Obj.cpp ..\Code\Observer.cpp ..\Code\PhysicsInfo.cpp ..\Code\Player.cpp ..\Code\PlayingInfo.cpp ..\Code\RecosterInfo.cpp ..\Code\Renderer.cpp ..\Code\Resource.cpp ..\Code\Rider.cpp ..\Code\Room.cpp ..\Code\RoomInfo.cpp ..\Code\Scene.cpp ..\Code\SceneMgr.cpp ..\Code\Subject.cpp ..\Code\Timer.cpp ..\Code\Title.cpp ..\Code\Unit.cpp ..\Code\UserInfo.cpp Client.cpp
         BoxCol.cpp
         Buffer.cpp
         Collision.cpp
         Component.cpp
         CubeColor.cpp
         Device.cpp
         InMap.cpp
         InfoSubject.cpp
         Layer.cpp
         Loading.cpp
         Lobby.cpp
         MainGame.cpp
         Obj.cpp
         Observer.cpp
         PhysicsInfo.cpp
         Player.cpp
         PlayingInfo.cpp
         RecosterInfo.cpp
         Renderer.cpp
         Resource.cpp
         컴파일하고 있습니다...
         Rider.cpp
         Room.cpp
         RoomInfo.cpp
         Scene.cpp
         SceneMgr.cpp
         Subject.cpp
         Timer.cpp
         Title.cpp
         Unit.cpp
         UserInfo.cpp
         Client.cpp
       Link:
         C:\Program Files (x86)\Microsoft Visual Studio 12.0\VC\bin\link.exe /ERRORREPORT:PROMPT /OUT:"../bin/Client.exe" /INCREMENTAL:NO /NOLOGO /LIBPATH:../../Reference/Librarys kernel32.lib user32.lib gdi32.lib winspool.lib comdlg32.lib advapi32.lib shell32.lib ole32.lib oleaut32.lib uuid.lib odbc32.lib odbccp32.lib /MANIFEST /MANIFESTUAC:"level='asInvoker' uiAccess='false'" /manifest:embed /DEBUG /PDB:"../bin/Client.pdb" /SUBSYSTEM:WINDOWS /OPT:REF /OPT:ICF /LTCG /TLBID:1 /DYNAMICBASE /NXCOMPAT /IMPLIB:"../bin/Client.lib" /MACHINE:X86 /SAFESEH Release\Client.res
         Release\BoxCol.obj
         Release\Buffer.obj
         Release\Collision.obj
         Release\Component.obj
         Release\CubeColor.obj
         Release\Device.obj
         Release\InfoSubject.obj
         Release\InMap.obj
         Release\Layer.obj
         Release\Loading.obj
         Release\Lobby.obj
         Release\MainGame.obj
         Release\Obj.obj
         Release\Observer.obj
         Release\PhysicsInfo.obj
         Release\Player.obj
         Release\PlayingInfo.obj
         Release\RecosterInfo.obj
         Release\Renderer.obj
         Release\Resource.obj
         Release\Rider.obj
         Release\Room.obj
         Release\RoomInfo.obj
         Release\Scene.obj
         Release\SceneMgr.obj
         Release\Subject.obj
         Release\Timer.obj
         Release\Title.obj
         Release\Unit.obj
         Release\UserInfo.obj
         Release\Client.obj
         Release\stdafx.obj
         코드를 생성하고 있습니다.
         코드를 생성했습니다.
         Client.vcxproj -> C:\Users\김몰랑\Desktop\졸업작품\project\In_the_Gorest\Client\Include\../bin/Client.exe
     1>"C:\Users\김몰랑\Desktop\졸업작품\project\In_the_Gorest\Client\Include\Client.vcxproj" 프로젝트를 빌드했습니다(Build 대상).

빌드했습니다.

경과 시간: 00:00:03.61
